<?xml version="1.0" encoding="UTF-8"?>
<robot generator="Robot 3.2.1 (Python 3.8.3 on win32)" generated="20200610 13:22:04.856" rpa="false">
<suite id="s1" name="RobotTutorial" source="C:\Workspaces\RobotTutorial">
<suite id="s1-s1" name="Test" source="C:\Workspaces\RobotTutorial\Test.robot">
<kw name="Log" library="BuiltIn" type="setup">
<doc>Logs the given message with the given level.</doc>
<arguments>
<arg>I'm inside test suite setup</arg>
</arguments>
<msg timestamp="20200610 13:22:05.128" level="INFO">I'm inside test suite setup</msg>
<status status="PASS" starttime="20200610 13:22:05.128" endtime="20200610 13:22:05.128"></status>
</kw>
<test id="s1-s1-t1" name="MyFirstTest">
<kw name="Log" library="BuiltIn" type="setup">
<doc>Logs the given message with the given level.</doc>
<arguments>
<arg>I'm inside test setup</arg>
</arguments>
<msg timestamp="20200610 13:22:05.130" level="INFO">I'm inside test setup</msg>
<status status="PASS" starttime="20200610 13:22:05.129" endtime="20200610 13:22:05.130"></status>
</kw>
<kw name="Log" library="BuiltIn">
<doc>Logs the given message with the given level.</doc>
<arguments>
<arg>This test was executed by %{username} on %{os}..</arg>
</arguments>
<msg timestamp="20200610 13:22:05.131" level="INFO">This test was executed by akulkarni on Windows_NT..</msg>
<status status="PASS" starttime="20200610 13:22:05.130" endtime="20200610 13:22:05.131"></status>
</kw>
<kw name="Log" library="BuiltIn">
<doc>Logs the given message with the given level.</doc>
<arguments>
<arg>Test name is ${SUITE NAME} and result is ${PREV_TEST_STATUS}</arg>
</arguments>
<msg timestamp="20200610 13:22:05.131" level="INFO">Test name is RobotTutorial.Test and result is </msg>
<status status="PASS" starttime="20200610 13:22:05.131" endtime="20200610 13:22:05.131"></status>
</kw>
<kw name="Log" library="BuiltIn" type="teardown">
<doc>Logs the given message with the given level.</doc>
<arguments>
<arg>I'm inside test teardown</arg>
</arguments>
<msg timestamp="20200610 13:22:05.132" level="INFO">I'm inside test teardown</msg>
<status status="PASS" starttime="20200610 13:22:05.132" endtime="20200610 13:22:05.132"></status>
</kw>
<tags>
<tag>SMOKE</tag>
</tags>
<status status="PASS" starttime="20200610 13:22:05.129" endtime="20200610 13:22:05.132" critical="yes"></status>
</test>
<test id="s1-s1-t2" name="FirstSeleniumCase">
<kw name="Log" library="BuiltIn" type="setup">
<doc>Logs the given message with the given level.</doc>
<arguments>
<arg>I'm inside test setup</arg>
</arguments>
<msg timestamp="20200610 13:22:05.134" level="INFO">I'm inside test setup</msg>
<status status="PASS" starttime="20200610 13:22:05.133" endtime="20200610 13:22:05.134"></status>
</kw>
<kw name="Remove Tags" library="BuiltIn">
<doc>Removes given ``tags`` from the current test or all tests in a suite.</doc>
<arguments>
<arg>SANITY</arg>
</arguments>
<msg timestamp="20200610 13:22:05.134" level="INFO">Removed tag 'SANITY'.</msg>
<status status="PASS" starttime="20200610 13:22:05.134" endtime="20200610 13:22:05.135"></status>
</kw>
<kw name="Open Browser" library="SeleniumLibrary">
<doc>Opens a new browser instance to the optional ``url``.</doc>
<arguments>
<arg>https://google.com</arg>
<arg>chrome</arg>
</arguments>
<msg timestamp="20200610 13:22:05.135" level="INFO">Opening browser 'chrome' to base url 'https://google.com'.</msg>
<status status="PASS" starttime="20200610 13:22:05.135" endtime="20200610 13:22:11.965"></status>
</kw>
<kw name="Set Browser Implicit Wait" library="SeleniumLibrary">
<doc>Sets the implicit wait value used by Selenium.</doc>
<arguments>
<arg>5</arg>
</arguments>
<status status="PASS" starttime="20200610 13:22:11.966" endtime="20200610 13:22:11.968"></status>
</kw>
<kw name="Input Text" library="SeleniumLibrary">
<doc>Types the given ``text`` into the text field identified by ``locator``.</doc>
<arguments>
<arg>name=q</arg>
<arg>Milan</arg>
</arguments>
<msg timestamp="20200610 13:22:11.969" level="INFO">Typing text 'Milan' into text field 'name=q'.</msg>
<status status="PASS" starttime="20200610 13:22:11.968" endtime="20200610 13:22:12.077"></status>
</kw>
<kw name="Press Keys" library="SeleniumLibrary">
<doc>Simulates the user pressing key(s) to an element or on the active browser.</doc>
<arguments>
<arg>None</arg>
<arg>ENTER</arg>
</arguments>
<msg timestamp="20200610 13:22:12.078" level="INFO">Sending key(s) ('ENTER',) to page.</msg>
<msg timestamp="20200610 13:22:12.079" level="INFO">Pressing special key ENTER to browser.</msg>
<msg timestamp="20200610 13:22:12.079" level="INFO">Releasing special key ENTER.</msg>
<status status="PASS" starttime="20200610 13:22:12.078" endtime="20200610 13:22:15.621"></status>
</kw>
<kw name="Close Browser" library="SeleniumLibrary">
<doc>Closes the current browser.</doc>
<status status="PASS" starttime="20200610 13:22:15.622" endtime="20200610 13:22:17.891"></status>
</kw>
<kw name="Log" library="BuiltIn" type="teardown">
<doc>Logs the given message with the given level.</doc>
<arguments>
<arg>I'm inside test teardown</arg>
</arguments>
<msg timestamp="20200610 13:22:17.896" level="INFO">I'm inside test teardown</msg>
<status status="PASS" starttime="20200610 13:22:17.893" endtime="20200610 13:22:17.896"></status>
</kw>
<status status="PASS" starttime="20200610 13:22:05.133" endtime="20200610 13:22:17.897" critical="yes"></status>
</test>
<test id="s1-s1-t3" name="SampleLoginCase">
<kw name="Log" library="BuiltIn" type="setup">
<doc>Logs the given message with the given level.</doc>
<arguments>
<arg>I'm inside test setup</arg>
</arguments>
<msg timestamp="20200610 13:22:17.904" level="INFO">I'm inside test setup</msg>
<status status="PASS" starttime="20200610 13:22:17.903" endtime="20200610 13:22:17.905"></status>
</kw>
<kw name="Open Browser" library="SeleniumLibrary">
<doc>Opens a new browser instance to the optional ``url``.</doc>
<arguments>
<arg>${URL}</arg>
<arg>chrome</arg>
</arguments>
<msg timestamp="20200610 13:22:17.908" level="INFO">Opening browser 'chrome' to base url 'https://opensource-demo.orangehrmlive.com/'.</msg>
<status status="PASS" starttime="20200610 13:22:17.906" endtime="20200610 13:22:22.128"></status>
</kw>
<kw name="Set Browser Implicit Wait" library="SeleniumLibrary">
<doc>Sets the implicit wait value used by Selenium.</doc>
<arguments>
<arg>5</arg>
</arguments>
<status status="PASS" starttime="20200610 13:22:22.129" endtime="20200610 13:22:22.130"></status>
</kw>
<kw name="LOGINACTION">
<kw name="Input Text" library="SeleniumLibrary">
<doc>Types the given ``text`` into the text field identified by ``locator``.</doc>
<arguments>
<arg>id=txtUsername</arg>
<arg>@{CREDENTIALS}[0]</arg>
</arguments>
<msg timestamp="20200610 13:22:22.132" level="WARN">Accessing variable items using '@{CREDENTIALS}[0]' syntax is deprecated. Use '${CREDENTIALS}[0]' instead.</msg>
<msg timestamp="20200610 13:22:22.132" level="INFO">Typing text 'Admin' into text field 'id=txtUsername'.</msg>
<status status="PASS" starttime="20200610 13:22:22.131" endtime="20200610 13:22:22.247"></status>
</kw>
<kw name="Input Password" library="SeleniumLibrary">
<doc>Types the given password into the text field identified by ``locator``.</doc>
<arguments>
<arg>id=txtPassword</arg>
<arg>@{CREDENTIALS}[1]</arg>
</arguments>
<msg timestamp="20200610 13:22:22.248" level="WARN">Accessing variable items using '@{CREDENTIALS}[1]' syntax is deprecated. Use '${CREDENTIALS}[1]' instead.</msg>
<msg timestamp="20200610 13:22:22.248" level="INFO">Typing password into text field 'id=txtPassword'.</msg>
<msg timestamp="20200610 13:22:22.301" level="INFO">Temporally setting log level to: NONE</msg>
<msg timestamp="20200610 13:22:22.362" level="INFO">Log level changed from NONE to INFO.</msg>
<status status="PASS" starttime="20200610 13:22:22.247" endtime="20200610 13:22:22.362"></status>
</kw>
<kw name="Click Button" library="SeleniumLibrary">
<doc>Clicks the button identified by ``locator``.</doc>
<arguments>
<arg>name=Submit</arg>
</arguments>
<msg timestamp="20200610 13:22:22.363" level="INFO">Clicking button 'name=Submit'.</msg>
<status status="PASS" starttime="20200610 13:22:22.362" endtime="20200610 13:22:25.500"></status>
</kw>
<status status="PASS" starttime="20200610 13:22:22.131" endtime="20200610 13:22:25.500"></status>
</kw>
<kw name="Click Element" library="SeleniumLibrary">
<doc>Click the element identified by ``locator``.</doc>
<arguments>
<arg>id=welcome</arg>
</arguments>
<msg timestamp="20200610 13:22:25.501" level="INFO">Clicking element 'id=welcome'.</msg>
<status status="PASS" starttime="20200610 13:22:25.501" endtime="20200610 13:22:25.559"></status>
</kw>
<kw name="Click Element" library="SeleniumLibrary">
<doc>Click the element identified by ``locator``.</doc>
<arguments>
<arg>link=Logout</arg>
</arguments>
<msg timestamp="20200610 13:22:25.559" level="INFO">Clicking element 'link=Logout'.</msg>
<status status="PASS" starttime="20200610 13:22:25.559" endtime="20200610 13:22:26.110"></status>
</kw>
<kw name="Title Should Be" library="SeleniumLibrary">
<doc>Verifies that the current page title equals ``title``.</doc>
<arguments>
<arg>&amp;{LOGIN_DATA}[title]</arg>
</arguments>
<msg timestamp="20200610 13:22:26.111" level="WARN">Accessing variable items using '&amp;{LOGIN_DATA}[title]' syntax is deprecated. Use '${LOGIN_DATA}[title]' instead.</msg>
<msg timestamp="20200610 13:22:26.126" level="INFO">Page title is 'OrangeHRM'.</msg>
<status status="PASS" starttime="20200610 13:22:26.110" endtime="20200610 13:22:26.127"></status>
</kw>
<kw name="Close Browser" library="SeleniumLibrary">
<doc>Closes the current browser.</doc>
<status status="PASS" starttime="20200610 13:22:26.128" endtime="20200610 13:22:28.425"></status>
</kw>
<kw name="Log" library="BuiltIn" type="teardown">
<doc>Logs the given message with the given level.</doc>
<arguments>
<arg>I'm inside test teardown</arg>
</arguments>
<msg timestamp="20200610 13:22:28.427" level="INFO">I'm inside test teardown</msg>
<status status="PASS" starttime="20200610 13:22:28.426" endtime="20200610 13:22:28.427"></status>
</kw>
<doc>This is sample login test</doc>
<tags>
<tag>SANITY</tag>
</tags>
<status status="PASS" starttime="20200610 13:22:17.900" endtime="20200610 13:22:28.428" critical="yes"></status>
</test>
<kw name="Log" library="BuiltIn" type="teardown">
<doc>Logs the given message with the given level.</doc>
<arguments>
<arg>I'm inside test suite teardown</arg>
</arguments>
<msg timestamp="20200610 13:22:28.430" level="INFO">I'm inside test suite teardown</msg>
<status status="PASS" starttime="20200610 13:22:28.430" endtime="20200610 13:22:28.430"></status>
</kw>
<status status="PASS" starttime="20200610 13:22:04.918" endtime="20200610 13:22:28.431"></status>
</suite>
<status status="PASS" starttime="20200610 13:22:04.894" endtime="20200610 13:22:28.436"></status>
</suite>
<statistics>
<total>
<stat pass="3" fail="0">Critical Tests</stat>
<stat pass="3" fail="0">All Tests</stat>
</total>
<tag>
<stat pass="1" fail="0">SANITY</stat>
<stat pass="1" fail="0">SMOKE</stat>
</tag>
<suite>
<stat pass="3" fail="0" id="s1" name="RobotTutorial">RobotTutorial</stat>
<stat pass="3" fail="0" id="s1-s1" name="Test">RobotTutorial.Test</stat>
</suite>
</statistics>
<errors>
<msg timestamp="20200610 13:22:22.132" level="WARN">Accessing variable items using '@{CREDENTIALS}[0]' syntax is deprecated. Use '${CREDENTIALS}[0]' instead.</msg>
<msg timestamp="20200610 13:22:22.248" level="WARN">Accessing variable items using '@{CREDENTIALS}[1]' syntax is deprecated. Use '${CREDENTIALS}[1]' instead.</msg>
<msg timestamp="20200610 13:22:26.111" level="WARN">Accessing variable items using '&amp;{LOGIN_DATA}[title]' syntax is deprecated. Use '${LOGIN_DATA}[title]' instead.</msg>
</errors>
</robot>
